# JRE version: OpenJDK Runtime Environment Temurin-21.0.10+7 (21.0.10+7) (build 21.0.10+7-LTS)
# Java VM: OpenJDK 64-Bit Server VM Temurin-21.0.10+7 (21.0.10+7-LTS, mixed mode, sharing, tiered, compressed oops, compressed class ptrs, parallel gc, windows-amd64)
GC Precious Log:
 CardTable entry size: 512
 CPUs: 8 total, 8 available
 Memory: 7987M
 Large Page Support: Disabled
 NUMA Support: Disabled
 Compressed Oops: Enabled (32-bit)
 Alignments: Space 512K, Generation 512K, Heap 2M
 Heap Min Capacity: 100M
 Heap Initial Capacity: 100M
 Heap Max Capacity: 2G
 Pre-touch: Disabled
 Parallel Workers: 8
Heap:
 PSYoungGen      total 7680K, used 7552K [0x00000000d5580000, 0x00000000d6180000, 0x0000000100000000)
  eden space 4096K, 100% used [0x00000000d5580000,0x00000000d5980000,0x00000000d5980000)
  from space 3584K, 96% used [0x00000000d5980000,0x00000000d5ce0000,0x00000000d5d00000)
  to   space 4096K, 99% used [0x00000000d5d80000,0x00000000d6178250,0x00000000d6180000)
 ParOldGen       total 1398272K, used 1398267K [0x0000000080000000, 0x00000000d5580000, 0x00000000d5580000)
  object space 1398272K, 99% used [0x0000000080000000,0x00000000d557ee20,0x00000000d5580000)
 Metaspace       used 86636K, committed 88320K, reserved 1179648K
  class space    used 8820K, committed 9600K, reserved 1048576K
GC Heap History (20 events):
Event: 2343.015 GC heap after
{Heap after GC invocations=2371 (full 4):
 PSYoungGen      total 4608K, used 512K [0x00000000d5580000, 0x00000000d6480000, 0x0000000100000000)
  eden space 4096K, 0% used [0x00000000d5580000,0x00000000d5580000,0x00000000d5980000)
  from space 512K, 100% used [0x00000000d5a00000,0x00000000d5a80000,0x00000000d5a80000)
  to   space 5632K, 0% used [0x00000000d5f00000,0x00000000d5f00000,0x00000000d6480000)
 ParOldGen       total 1385472K, used 1385220K [0x0000000080000000, 0x00000000d4900000, 0x00000000d5580000)
  object space 1385472K, 99% used [0x0000000080000000,0x00000000d48c1080,0x00000000d4900000)
 Metaspace       used 86636K, committed 88320K, reserved 1179648K
  class space    used 8820K, committed 9600K, reserved 1048576K
}
Event: 2343.044 GC heap before
{Heap before GC invocations=2372 (full 4):
 PSYoungGen      total 4608K, used 4608K [0x00000000d5580000, 0x00000000d6480000, 0x0000000100000000)
  eden space 4096K, 100% used [0x00000000d5580000,0x00000000d5980000,0x00000000d5980000)
  from space 512K, 100% used [0x00000000d5a00000,0x00000000d5a80000,0x00000000d5a80000)
  to   space 5632K, 0% used [0x00000000d5f00000,0x00000000d5f00000,0x00000000d6480000)
 ParOldGen       total 1385472K, used 1385220K [0x0000000080000000, 0x00000000d4900000, 0x00000000d5580000)
  object space 1385472K, 99% used [0x0000000080000000,0x00000000d48c1080,0x00000000d4900000)
 Metaspace       used 86636K, committed 88320K, reserved 1179648K
  class space    used 8820K, committed 9600K, reserved 1048576K
}
Event: 2343.047 GC heap after
{Heap after GC invocations=2372 (full 4):
 PSYoungGen      total 7680K, used 3328K [0x00000000d5580000, 0x00000000d6280000, 0x0000000100000000)
  eden space 4096K, 0% used [0x00000000d5580000,0x00000000d5580000,0x00000000d5980000)
  from space 3584K, 92% used [0x00000000d5f00000,0x00000000d6240250,0x00000000d6280000)
  to   space 4096K, 0% used [0x00000000d5a80000,0x00000000d5a80000,0x00000000d5e80000)
 ParOldGen       total 1385984K, used 1385764K [0x0000000080000000, 0x00000000d4980000, 0x00000000d5580000)
  object space 1385984K, 99% used [0x0000000080000000,0x00000000d4949080,0x00000000d4980000)
 Metaspace       used 86636K, committed 88320K, reserved 1179648K
  class space    used 8820K, committed 9600K, reserved 1048576K
}
Event: 2343.081 GC heap before
{Heap before GC invocations=2373 (full 4):
 PSYoungGen      total 7680K, used 7424K [0x00000000d5580000, 0x00000000d6280000, 0x0000000100000000)
  eden space 4096K, 100% used [0x00000000d5580000,0x00000000d5980000,0x00000000d5980000)
  from space 3584K, 92% used [0x00000000d5f00000,0x00000000d6240250,0x00000000d6280000)
  to   space 4096K, 0% used [0x00000000d5a80000,0x00000000d5a80000,0x00000000d5e80000)
 ParOldGen       total 1385984K, used 1385764K [0x0000000080000000, 0x00000000d4980000, 0x00000000d5580000)
  object space 1385984K, 99% used [0x0000000080000000,0x00000000d4949080,0x00000000d4980000)
 Metaspace       used 86636K, committed 88320K, reserved 1179648K
  class space    used 8820K, committed 9600K, reserved 1048576K
}
Event: 2343.086 GC heap after
{Heap after GC invocations=2373 (full 4):
 PSYoungGen      total 7680K, used 3312K [0x00000000d5580000, 0x00000000d6080000, 0x0000000100000000)
  eden space 4096K, 0% used [0x00000000d5580000,0x00000000d5580000,0x00000000d5980000)
  from space 3584K, 92% used [0x00000000d5a80000,0x00000000d5dbc000,0x00000000d5e00000)
  to   space 2560K, 0% used [0x00000000d5e00000,0x00000000d5e00000,0x00000000d6080000)
 ParOldGen       total 1389056K, used 1388988K [0x0000000080000000, 0x00000000d4c80000, 0x00000000d5580000)
  object space 1389056K, 99% used [0x0000000080000000,0x00000000d4c6f2d0,0x00000000d4c80000)
 Metaspace       used 86636K, committed 88320K, reserved 1179648K
  class space    used 8820K, committed 9600K, reserved 1048576K
}
Event: 2343.531 GC heap before
{Heap before GC invocations=2374 (full 4):
 PSYoungGen      total 7680K, used 7408K [0x00000000d5580000, 0x00000000d6080000, 0x0000000100000000)
  eden space 4096K, 100% used [0x00000000d5580000,0x00000000d5980000,0x00000000d5980000)
  from space 3584K, 92% used [0x00000000d5a80000,0x00000000d5dbc000,0x00000000d5e00000)
  to   space 2560K, 0% used [0x00000000d5e00000,0x00000000d5e00000,0x00000000d6080000)
 ParOldGen       total 1389056K, used 1388988K [0x0000000080000000, 0x00000000d4c80000, 0x00000000d5580000)
  object space 1389056K, 99% used [0x0000000080000000,0x00000000d4c6f2d0,0x00000000d4c80000)
 Metaspace       used 86636K, committed 88320K, reserved 1179648K
  class space    used 8820K, committed 9600K, reserved 1048576K
}
Event: 2343.537 GC heap after
{Heap after GC invocations=2374 (full 4):
 PSYoungGen      total 4608K, used 192K [0x00000000d5580000, 0x00000000d5e80000, 0x0000000100000000)
  eden space 4096K, 0% used [0x00000000d5580000,0x00000000d5580000,0x00000000d5980000)
  from space 512K, 37% used [0x00000000d5e00000,0x00000000d5e30000,0x00000000d5e80000)
  to   space 1536K, 0% used [0x00000000d5b80000,0x00000000d5b80000,0x00000000d5d00000)
 ParOldGen       total 1392128K, used 1392012K [0x0000000080000000, 0x00000000d4f80000, 0x00000000d5580000)
  object space 1392128K, 99% used [0x0000000080000000,0x00000000d4f632d0,0x00000000d4f80000)
 Metaspace       used 86636K, committed 88320K, reserved 1179648K
  class space    used 8820K, committed 9600K, reserved 1048576K
}
Event: 2345.036 GC heap before
{Heap before GC invocations=2375 (full 4):
 PSYoungGen      total 4608K, used 4288K [0x00000000d5580000, 0x00000000d5e80000, 0x0000000100000000)
  eden space 4096K, 100% used [0x00000000d5580000,0x00000000d5980000,0x00000000d5980000)
  from space 512K, 37% used [0x00000000d5e00000,0x00000000d5e30000,0x00000000d5e80000)
  to   space 1536K, 0% used [0x00000000d5b80000,0x00000000d5b80000,0x00000000d5d00000)
 ParOldGen       total 1392128K, used 1392012K [0x0000000080000000, 0x00000000d4f80000, 0x00000000d5580000)
  object space 1392128K, 99% used [0x0000000080000000,0x00000000d4f632d0,0x00000000d4f80000)
 Metaspace       used 86636K, committed 88320K, reserved 1179648K
  class space    used 8820K, committed 9600K, reserved 1048576K
}
Event: 2345.039 GC heap after
{Heap after GC invocations=2375 (full 4):
 PSYoungGen      total 5632K, used 224K [0x00000000d5580000, 0x00000000d5e80000, 0x0000000100000000)
  eden space 4096K, 0% used [0x00000000d5580000,0x00000000d5580000,0x00000000d5980000)
  from space 1536K, 14% used [0x00000000d5b80000,0x00000000d5bb8000,0x00000000d5d00000)
  to   space 512K, 0% used [0x00000000d5e00000,0x00000000d5e00000,0x00000000d5e80000)
 ParOldGen       total 1392128K, used 1392052K [0x0000000080000000, 0x00000000d4f80000, 0x00000000d5580000)
  object space 1392128K, 99% used [0x0000000080000000,0x00000000d4f6d2d0,0x00000000d4f80000)
 Metaspace       used 86636K, committed 88320K, reserved 1179648K
  class space    used 8820K, committed 9600K, reserved 1048576K
}
Event: 2345.359 GC heap before
{Heap before GC invocations=2376 (full 4):
 PSYoungGen      total 5632K, used 4320K [0x00000000d5580000, 0x00000000d5e80000, 0x0000000100000000)
  eden space 4096K, 100% used [0x00000000d5580000,0x00000000d5980000,0x00000000d5980000)
  from space 1536K, 14% used [0x00000000d5b80000,0x00000000d5bb8000,0x00000000d5d00000)
  to   space 512K, 0% used [0x00000000d5e00000,0x00000000d5e00000,0x00000000d5e80000)
 ParOldGen       total 1392128K, used 1392052K [0x0000000080000000, 0x00000000d4f80000, 0x00000000d5580000)
  object space 1392128K, 99% used [0x0000000080000000,0x00000000d4f6d2d0,0x00000000d4f80000)
 Metaspace       used 86636K, committed 88320K, reserved 1179648K
  class space    used 8820K, committed 9600K, reserved 1048576K
}
Event: 2345.361 GC heap after
{Heap after GC invocations=2376 (full 4):
 PSYoungGen      total 4608K, used 512K [0x00000000d5580000, 0x00000000d5e80000, 0x0000000100000000)
  eden space 4096K, 0% used [0x00000000d5580000,0x00000000d5580000,0x00000000d5980000)
  from space 512K, 100% used [0x00000000d5e00000,0x00000000d5e80000,0x00000000d5e80000)
  to   space 1024K, 0% used [0x00000000d5c80000,0x00000000d5c80000,0x00000000d5d80000)
 ParOldGen       total 1392128K, used 1392108K [0x0000000080000000, 0x00000000d4f80000, 0x00000000d5580000)
  object space 1392128K, 99% used [0x0000000080000000,0x00000000d4f7b2d0,0x00000000d4f80000)
 Metaspace       used 86636K, committed 88320K, reserved 1179648K
  class space    used 8820K, committed 9600K, reserved 1048576K
}
Event: 2345.767 GC heap before
{Heap before GC invocations=2377 (full 4):
 PSYoungGen      total 4608K, used 4608K [0x00000000d5580000, 0x00000000d5e80000, 0x0000000100000000)
  eden space 4096K, 100% used [0x00000000d5580000,0x00000000d5980000,0x00000000d5980000)
  from space 512K, 100% used [0x00000000d5e00000,0x00000000d5e80000,0x00000000d5e80000)
  to   space 1024K, 0% used [0x00000000d5c80000,0x00000000d5c80000,0x00000000d5d80000)
 ParOldGen       total 1392128K, used 1392108K [0x0000000080000000, 0x00000000d4f80000, 0x00000000d5580000)
  object space 1392128K, 99% used [0x0000000080000000,0x00000000d4f7b2d0,0x00000000d4f80000)
 Metaspace       used 86636K, committed 88320K, reserved 1179648K
  class space    used 8820K, committed 9600K, reserved 1048576K
}
Event: 2345.770 GC heap after
{Heap after GC invocations=2377 (full 4):
 PSYoungGen      total 5120K, used 224K [0x00000000d5580000, 0x00000000d5e80000, 0x0000000100000000)
  eden space 4096K, 0% used [0x00000000d5580000,0x00000000d5580000,0x00000000d5980000)
  from space 1024K, 21% used [0x00000000d5c80000,0x00000000d5cb8000,0x00000000d5d80000)
  to   space 512K, 0% used [0x00000000d5e00000,0x00000000d5e00000,0x00000000d5e80000)
 ParOldGen       total 1392640K, used 1392489K [0x0000000080000000, 0x00000000d5000000, 0x00000000d5580000)
  object space 1392640K, 99% used [0x0000000080000000,0x00000000d4fda760,0x00000000d5000000)
 Metaspace       used 86636K, committed 88320K, reserved 1179648K
  class space    used 8820K, committed 9600K, reserved 1048576K
}
Event: 2346.117 GC heap before
{Heap before GC invocations=2378 (full 4):
 PSYoungGen      total 5120K, used 4319K [0x00000000d5580000, 0x00000000d5e80000, 0x0000000100000000)
  eden space 4096K, 99% used [0x00000000d5580000,0x00000000d597fff8,0x00000000d5980000)
  from space 1024K, 21% used [0x00000000d5c80000,0x00000000d5cb8000,0x00000000d5d80000)
  to   space 512K, 0% used [0x00000000d5e00000,0x00000000d5e00000,0x00000000d5e80000)
 ParOldGen       total 1392640K, used 1392489K [0x0000000080000000, 0x00000000d5000000, 0x00000000d5580000)
  object space 1392640K, 99% used [0x0000000080000000,0x00000000d4fda760,0x00000000d5000000)
 Metaspace       used 86636K, committed 88320K, reserved 1179648K
  class space    used 8820K, committed 9600K, reserved 1048576K
}
Event: 2346.122 GC heap after
{Heap after GC invocations=2378 (full 4):
 PSYoungGen      total 4608K, used 500K [0x00000000d5580000, 0x00000000d6080000, 0x0000000100000000)
  eden space 4096K, 0% used [0x00000000d5580000,0x00000000d5580000,0x00000000d5980000)
  from space 512K, 97% used [0x00000000d5e00000,0x00000000d5e7d350,0x00000000d5e80000)
  to   space 3584K, 0% used [0x00000000d5980000,0x00000000d5980000,0x00000000d5d00000)
 ParOldGen       total 1395200K, used 1394998K [0x0000000080000000, 0x00000000d5280000, 0x00000000d5580000)
  object space 1395200K, 99% used [0x0000000080000000,0x00000000d524dad0,0x00000000d5280000)
 Metaspace       used 86636K, committed 88320K, reserved 1179648K
  class space    used 8820K, committed 9600K, reserved 1048576K
}
Event: 2346.140 GC heap before
{Heap before GC invocations=2379 (full 4):
 PSYoungGen      total 4608K, used 4596K [0x00000000d5580000, 0x00000000d6080000, 0x0000000100000000)
  eden space 4096K, 100% used [0x00000000d5580000,0x00000000d5980000,0x00000000d5980000)
  from space 512K, 97% used [0x00000000d5e00000,0x00000000d5e7d350,0x00000000d5e80000)
  to   space 3584K, 0% used [0x00000000d5980000,0x00000000d5980000,0x00000000d5d00000)
 ParOldGen       total 1395200K, used 1394998K [0x0000000080000000, 0x00000000d5280000, 0x00000000d5580000)
  object space 1395200K, 99% used [0x0000000080000000,0x00000000d524dad0,0x00000000d5280000)
 Metaspace       used 86636K, committed 88320K, reserved 1179648K
  class space    used 8820K, committed 9600K, reserved 1048576K
}
Event: 2346.145 GC heap after
{Heap after GC invocations=2379 (full 4):
 PSYoungGen      total 7680K, used 3456K [0x00000000d5580000, 0x00000000d6180000, 0x0000000100000000)
  eden space 4096K, 0% used [0x00000000d5580000,0x00000000d5580000,0x00000000d5980000)
  from space 3584K, 96% used [0x00000000d5980000,0x00000000d5ce0000,0x00000000d5d00000)
  to   space 4096K, 0% used [0x00000000d5d80000,0x00000000d5d80000,0x00000000d6180000)
 ParOldGen       total 1395712K, used 1395475K [0x0000000080000000, 0x00000000d5300000, 0x00000000d5580000)
  object space 1395712K, 99% used [0x0000000080000000,0x00000000d52c4e20,0x00000000d5300000)
 Metaspace       used 86636K, committed 88320K, reserved 1179648K
  class space    used 8820K, committed 9600K, reserved 1048576K
}
Event: 2346.175 GC heap before
{Heap before GC invocations=2380 (full 4):
 PSYoungGen      total 7680K, used 7552K [0x00000000d5580000, 0x00000000d6180000, 0x0000000100000000)
  eden space 4096K, 100% used [0x00000000d5580000,0x00000000d5980000,0x00000000d5980000)
  from space 3584K, 96% used [0x00000000d5980000,0x00000000d5ce0000,0x00000000d5d00000)
  to   space 4096K, 0% used [0x00000000d5d80000,0x00000000d5d80000,0x00000000d6180000)
 ParOldGen       total 1395712K, used 1395475K [0x0000000080000000, 0x00000000d5300000, 0x00000000d5580000)
  object space 1395712K, 99% used [0x0000000080000000,0x00000000d52c4e20,0x00000000d5300000)
 Metaspace       used 86636K, committed 88320K, reserved 1179648K
  class space    used 8820K, committed 9600K, reserved 1048576K
}
Event: 2346.183 GC heap after
{Heap after GC invocations=2380 (full 4):
 PSYoungGen      total 7680K, used 7552K [0x00000000d5580000, 0x00000000d6180000, 0x0000000100000000)
  eden space 4096K, 100% used [0x00000000d5580000,0x00000000d5980000,0x00000000d5980000)
  from space 3584K, 96% used [0x00000000d5980000,0x00000000d5ce0000,0x00000000d5d00000)
  to   space 4096K, 99% used [0x00000000d5d80000,0x00000000d6178250,0x00000000d6180000)
 ParOldGen       total 1398272K, used 1398267K [0x0000000080000000, 0x00000000d5580000, 0x00000000d5580000)
  object space 1398272K, 99% used [0x0000000080000000,0x00000000d557ee20,0x00000000d5580000)
 Metaspace       used 86636K, committed 88320K, reserved 1179648K
  class space    used 8820K, committed 9600K, reserved 1048576K
}
Event: 2346.183 GC heap before
{Heap before GC invocations=2381 (full 5):
 PSYoungGen      total 7680K, used 7552K [0x00000000d5580000, 0x00000000d6180000, 0x0000000100000000)
  eden space 4096K, 100% used [0x00000000d5580000,0x00000000d5980000,0x00000000d5980000)
  from space 3584K, 96% used [0x00000000d5980000,0x00000000d5ce0000,0x00000000d5d00000)
  to   space 4096K, 99% used [0x00000000d5d80000,0x00000000d6178250,0x00000000d6180000)
 ParOldGen       total 1398272K, used 1398267K [0x0000000080000000, 0x00000000d5580000, 0x00000000d5580000)
  object space 1398272K, 99% used [0x0000000080000000,0x00000000d557ee20,0x00000000d5580000)
 Metaspace       used 86636K, committed 88320K, reserved 1179648K
  class space    used 8820K, committed 9600K, reserved 1048576K
}

