# JRE version: OpenJDK Runtime Environment Temurin-21.0.10+7 (21.0.10+7) (build 21.0.10+7-LTS)
# Java VM: OpenJDK 64-Bit Server VM Temurin-21.0.10+7 (21.0.10+7-LTS, mixed mode, sharing, tiered, compressed oops, compressed class ptrs, parallel gc, windows-amd64)
GC Precious Log:
 CardTable entry size: 512
 CPUs: 8 total, 8 available
 Memory: 7987M
 Large Page Support: Disabled
 NUMA Support: Disabled
 Compressed Oops: Enabled (32-bit)
 Alignments: Space 512K, Generation 512K, Heap 2M
 Heap Min Capacity: 100M
 Heap Initial Capacity: 100M
 Heap Max Capacity: 2G
 Pre-touch: Disabled
 Parallel Workers: 8
Heap:
 PSYoungGen      total 8192K, used 4397K [0x00000000d5580000, 0x00000000d6380000, 0x0000000100000000)
  eden space 5632K, 40% used [0x00000000d5580000,0x00000000d57b76e8,0x00000000d5b00000)
  from space 2560K, 83% used [0x00000000d5c80000,0x00000000d5e94020,0x00000000d5f00000)
  to   space 3584K, 0% used [0x00000000d6000000,0x00000000d6000000,0x00000000d6380000)
 ParOldGen       total 645120K, used 645104K [0x0000000080000000, 0x00000000a7600000, 0x00000000d5580000)
  object space 645120K, 99% used [0x0000000080000000,0x00000000a75fc248,0x00000000a7600000)
 Metaspace       used 80115K, committed 81728K, reserved 1179648K
  class space    used 8222K, committed 8896K, reserved 1048576K
GC Heap History (20 events):
Event: 1620.470 GC heap before
{Heap before GC invocations=1127 (full 4):
 PSYoungGen      total 3584K, used 3008K [0x00000000d5580000, 0x00000000d5a00000, 0x0000000100000000)
  eden space 2560K, 100% used [0x00000000d5580000,0x00000000d5800000,0x00000000d5800000)
  from space 1024K, 43% used [0x00000000d5900000,0x00000000d5970000,0x00000000d5a00000)
  to   space 1024K, 0% used [0x00000000d5800000,0x00000000d5800000,0x00000000d5900000)
 ParOldGen       total 627200K, used 626830K [0x0000000080000000, 0x00000000a6480000, 0x00000000d5580000)
  object space 627200K, 99% used [0x0000000080000000,0x00000000a6423a78,0x00000000a6480000)
 Metaspace       used 80032K, committed 81600K, reserved 1179648K
  class space    used 8219K, committed 8896K, reserved 1048576K
}
Event: 1620.475 GC heap after
{Heap after GC invocations=1127 (full 4):
 PSYoungGen      total 3584K, used 1006K [0x00000000d5580000, 0x00000000d5e80000, 0x0000000100000000)
  eden space 2560K, 0% used [0x00000000d5580000,0x00000000d5580000,0x00000000d5800000)
  from space 1024K, 98% used [0x00000000d5800000,0x00000000d58fbb90,0x00000000d5900000)
  to   space 3072K, 0% used [0x00000000d5b80000,0x00000000d5b80000,0x00000000d5e80000)
 ParOldGen       total 628224K, used 628101K [0x0000000080000000, 0x00000000a6580000, 0x00000000d5580000)
  object space 628224K, 99% used [0x0000000080000000,0x00000000a6561608,0x00000000a6580000)
 Metaspace       used 80032K, committed 81600K, reserved 1179648K
  class space    used 8219K, committed 8896K, reserved 1048576K
}
Event: 1620.487 GC heap before
{Heap before GC invocations=1128 (full 4):
 PSYoungGen      total 3584K, used 3566K [0x00000000d5580000, 0x00000000d5e80000, 0x0000000100000000)
  eden space 2560K, 100% used [0x00000000d5580000,0x00000000d5800000,0x00000000d5800000)
  from space 1024K, 98% used [0x00000000d5800000,0x00000000d58fbb90,0x00000000d5900000)
  to   space 3072K, 0% used [0x00000000d5b80000,0x00000000d5b80000,0x00000000d5e80000)
 ParOldGen       total 628224K, used 628101K [0x0000000080000000, 0x00000000a6580000, 0x00000000d5580000)
  object space 628224K, 99% used [0x0000000080000000,0x00000000a6561608,0x00000000a6580000)
 Metaspace       used 80053K, committed 81664K, reserved 1179648K
  class space    used 8219K, committed 8896K, reserved 1048576K
}
Event: 1620.491 GC heap after
{Heap after GC invocations=1128 (full 4):
 PSYoungGen      total 5632K, used 2336K [0x00000000d5580000, 0x00000000d5e00000, 0x0000000100000000)
  eden space 3072K, 0% used [0x00000000d5580000,0x00000000d5580000,0x00000000d5880000)
  from space 2560K, 91% used [0x00000000d5b80000,0x00000000d5dc8000,0x00000000d5e00000)
  to   space 2560K, 0% used [0x00000000d5900000,0x00000000d5900000,0x00000000d5b80000)
 ParOldGen       total 629248K, used 629136K [0x0000000080000000, 0x00000000a6680000, 0x00000000d5580000)
  object space 629248K, 99% used [0x0000000080000000,0x00000000a6664208,0x00000000a6680000)
 Metaspace       used 80053K, committed 81664K, reserved 1179648K
  class space    used 8219K, committed 8896K, reserved 1048576K
}
Event: 1620.513 GC heap before
{Heap before GC invocations=1129 (full 4):
 PSYoungGen      total 5632K, used 5408K [0x00000000d5580000, 0x00000000d5e00000, 0x0000000100000000)
  eden space 3072K, 100% used [0x00000000d5580000,0x00000000d5880000,0x00000000d5880000)
  from space 2560K, 91% used [0x00000000d5b80000,0x00000000d5dc8000,0x00000000d5e00000)
  to   space 2560K, 0% used [0x00000000d5900000,0x00000000d5900000,0x00000000d5b80000)
 ParOldGen       total 629248K, used 629136K [0x0000000080000000, 0x00000000a6680000, 0x00000000d5580000)
  object space 629248K, 99% used [0x0000000080000000,0x00000000a6664208,0x00000000a6680000)
 Metaspace       used 80054K, committed 81664K, reserved 1179648K
  class space    used 8219K, committed 8896K, reserved 1048576K
}
Event: 1620.517 GC heap after
{Heap after GC invocations=1129 (full 4):
 PSYoungGen      total 6144K, used 1806K [0x00000000d5580000, 0x00000000d5d80000, 0x0000000100000000)
  eden space 3584K, 0% used [0x00000000d5580000,0x00000000d5580000,0x00000000d5900000)
  from space 2560K, 70% used [0x00000000d5900000,0x00000000d5ac3b90,0x00000000d5b80000)
  to   space 2048K, 0% used [0x00000000d5b80000,0x00000000d5b80000,0x00000000d5d80000)
 ParOldGen       total 631808K, used 631304K [0x0000000080000000, 0x00000000a6900000, 0x00000000d5580000)
  object space 631808K, 99% used [0x0000000080000000,0x00000000a6882208,0x00000000a6900000)
 Metaspace       used 80054K, committed 81664K, reserved 1179648K
  class space    used 8219K, committed 8896K, reserved 1048576K
}
Event: 1620.524 GC heap before
{Heap before GC invocations=1130 (full 4):
 PSYoungGen      total 6144K, used 5390K [0x00000000d5580000, 0x00000000d5d80000, 0x0000000100000000)
  eden space 3584K, 99% used [0x00000000d5580000,0x00000000d58ffff0,0x00000000d5900000)
  from space 2560K, 70% used [0x00000000d5900000,0x00000000d5ac3b90,0x00000000d5b80000)
  to   space 2048K, 0% used [0x00000000d5b80000,0x00000000d5b80000,0x00000000d5d80000)
 ParOldGen       total 631808K, used 631304K [0x0000000080000000, 0x00000000a6900000, 0x00000000d5580000)
  object space 631808K, 99% used [0x0000000080000000,0x00000000a6882208,0x00000000a6900000)
 Metaspace       used 80054K, committed 81664K, reserved 1179648K
  class space    used 8219K, committed 8896K, reserved 1048576K
}
Event: 1620.526 GC heap after
{Heap after GC invocations=1130 (full 4):
 PSYoungGen      total 6144K, used 576K [0x00000000d5580000, 0x00000000d5d00000, 0x0000000100000000)
  eden space 4608K, 0% used [0x00000000d5580000,0x00000000d5580000,0x00000000d5a00000)
  from space 1536K, 37% used [0x00000000d5b80000,0x00000000d5c10000,0x00000000d5d00000)
  to   space 1536K, 0% used [0x00000000d5a00000,0x00000000d5a00000,0x00000000d5b80000)
 ParOldGen       total 631808K, used 631368K [0x0000000080000000, 0x00000000a6900000, 0x00000000d5580000)
  object space 631808K, 99% used [0x0000000080000000,0x00000000a6892208,0x00000000a6900000)
 Metaspace       used 80054K, committed 81664K, reserved 1179648K
  class space    used 8219K, committed 8896K, reserved 1048576K
}
Event: 1620.536 GC heap before
{Heap before GC invocations=1131 (full 4):
 PSYoungGen      total 6144K, used 5183K [0x00000000d5580000, 0x00000000d5d00000, 0x0000000100000000)
  eden space 4608K, 99% used [0x00000000d5580000,0x00000000d59fffd0,0x00000000d5a00000)
  from space 1536K, 37% used [0x00000000d5b80000,0x00000000d5c10000,0x00000000d5d00000)
  to   space 1536K, 0% used [0x00000000d5a00000,0x00000000d5a00000,0x00000000d5b80000)
 ParOldGen       total 631808K, used 631368K [0x0000000080000000, 0x00000000a6900000, 0x00000000d5580000)
  object space 631808K, 99% used [0x0000000080000000,0x00000000a6892208,0x00000000a6900000)
 Metaspace       used 80054K, committed 81664K, reserved 1179648K
  class space    used 8219K, committed 8896K, reserved 1048576K
}
Event: 1620.541 GC heap after
{Heap after GC invocations=1131 (full 4):
 PSYoungGen      total 6144K, used 1518K [0x00000000d5580000, 0x00000000d6400000, 0x0000000100000000)
  eden space 4608K, 0% used [0x00000000d5580000,0x00000000d5580000,0x00000000d5a00000)
  from space 1536K, 98% used [0x00000000d5a00000,0x00000000d5b7bb90,0x00000000d5b80000)
  to   space 4608K, 0% used [0x00000000d5f80000,0x00000000d5f80000,0x00000000d6400000)
 ParOldGen       total 633856K, used 633830K [0x0000000080000000, 0x00000000a6b00000, 0x00000000d5580000)
  object space 633856K, 99% used [0x0000000080000000,0x00000000a6af9b78,0x00000000a6b00000)
 Metaspace       used 80054K, committed 81664K, reserved 1179648K
  class space    used 8219K, committed 8896K, reserved 1048576K
}
Event: 1620.562 GC heap before
{Heap before GC invocations=1132 (full 4):
 PSYoungGen      total 6144K, used 6126K [0x00000000d5580000, 0x00000000d6400000, 0x0000000100000000)
  eden space 4608K, 100% used [0x00000000d5580000,0x00000000d5a00000,0x00000000d5a00000)
  from space 1536K, 98% used [0x00000000d5a00000,0x00000000d5b7bb90,0x00000000d5b80000)
  to   space 4608K, 0% used [0x00000000d5f80000,0x00000000d5f80000,0x00000000d6400000)
 ParOldGen       total 633856K, used 633830K [0x0000000080000000, 0x00000000a6b00000, 0x00000000d5580000)
  object space 633856K, 99% used [0x0000000080000000,0x00000000a6af9b78,0x00000000a6b00000)
 Metaspace       used 80054K, committed 81664K, reserved 1179648K
  class space    used 8219K, committed 8896K, reserved 1048576K
}
Event: 1620.564 GC heap after
{Heap after GC invocations=1132 (full 4):
 PSYoungGen      total 8704K, used 2606K [0x00000000d5580000, 0x00000000d6280000, 0x0000000100000000)
  eden space 5632K, 0% used [0x00000000d5580000,0x00000000d5580000,0x00000000d5b00000)
  from space 3072K, 84% used [0x00000000d5f80000,0x00000000d620bb90,0x00000000d6280000)
  to   space 3584K, 0% used [0x00000000d5b80000,0x00000000d5b80000,0x00000000d5f00000)
 ParOldGen       total 634368K, used 634135K [0x0000000080000000, 0x00000000a6b80000, 0x00000000d5580000)
  object space 634368K, 99% used [0x0000000080000000,0x00000000a6b45c58,0x00000000a6b80000)
 Metaspace       used 80054K, committed 81664K, reserved 1179648K
  class space    used 8219K, committed 8896K, reserved 1048576K
}
Event: 1621.743 GC heap before
{Heap before GC invocations=1133 (full 4):
 PSYoungGen      total 8704K, used 8236K [0x00000000d5580000, 0x00000000d6280000, 0x0000000100000000)
  eden space 5632K, 99% used [0x00000000d5580000,0x00000000d5aff850,0x00000000d5b00000)
  from space 3072K, 84% used [0x00000000d5f80000,0x00000000d620bb90,0x00000000d6280000)
  to   space 3584K, 0% used [0x00000000d5b80000,0x00000000d5b80000,0x00000000d5f00000)
 ParOldGen       total 634368K, used 634135K [0x0000000080000000, 0x00000000a6b80000, 0x00000000d5580000)
  object space 634368K, 99% used [0x0000000080000000,0x00000000a6b45c58,0x00000000a6b80000)
 Metaspace       used 80070K, committed 81664K, reserved 1179648K
  class space    used 8220K, committed 8896K, reserved 1048576K
}
Event: 1621.746 GC heap after
{Heap after GC invocations=1133 (full 4):
 PSYoungGen      total 6144K, used 464K [0x00000000d5580000, 0x00000000d6000000, 0x0000000100000000)
  eden space 5632K, 0% used [0x00000000d5580000,0x00000000d5580000,0x00000000d5b00000)
  from space 512K, 90% used [0x00000000d5b80000,0x00000000d5bf4010,0x00000000d5c00000)
  to   space 1536K, 0% used [0x00000000d5e80000,0x00000000d5e80000,0x00000000d6000000)
 ParOldGen       total 634368K, used 634151K [0x0000000080000000, 0x00000000a6b80000, 0x00000000d5580000)
  object space 634368K, 99% used [0x0000000080000000,0x00000000a6b49c58,0x00000000a6b80000)
 Metaspace       used 80070K, committed 81664K, reserved 1179648K
  class space    used 8220K, committed 8896K, reserved 1048576K
}
Event: 1621.861 GC heap before
{Heap before GC invocations=1134 (full 4):
 PSYoungGen      total 6144K, used 5973K [0x00000000d5580000, 0x00000000d6000000, 0x0000000100000000)
  eden space 5632K, 97% used [0x00000000d5580000,0x00000000d5ae1428,0x00000000d5b00000)
  from space 512K, 90% used [0x00000000d5b80000,0x00000000d5bf4010,0x00000000d5c00000)
  to   space 1536K, 0% used [0x00000000d5e80000,0x00000000d5e80000,0x00000000d6000000)
 ParOldGen       total 634368K, used 634151K [0x0000000080000000, 0x00000000a6b80000, 0x00000000d5580000)
  object space 634368K, 99% used [0x0000000080000000,0x00000000a6b49c58,0x00000000a6b80000)
 Metaspace       used 80109K, committed 81728K, reserved 1179648K
  class space    used 8222K, committed 8896K, reserved 1048576K
}
Event: 1621.865 GC heap after
{Heap after GC invocations=1134 (full 4):
 PSYoungGen      total 7168K, used 1140K [0x00000000d5580000, 0x00000000d6000000, 0x0000000100000000)
  eden space 5632K, 0% used [0x00000000d5580000,0x00000000d5580000,0x00000000d5b00000)
  from space 1536K, 74% used [0x00000000d5e80000,0x00000000d5f9d350,0x00000000d6000000)
  to   space 1536K, 0% used [0x00000000d5d00000,0x00000000d5d00000,0x00000000d5e80000)
 ParOldGen       total 634368K, used 634205K [0x0000000080000000, 0x00000000a6b80000, 0x00000000d5580000)
  object space 634368K, 99% used [0x0000000080000000,0x00000000a6b577f8,0x00000000a6b80000)
 Metaspace       used 80109K, committed 81728K, reserved 1179648K
  class space    used 8222K, committed 8896K, reserved 1048576K
}
Event: 1621.881 GC heap before
{Heap before GC invocations=1135 (full 4):
 PSYoungGen      total 7168K, used 6663K [0x00000000d5580000, 0x00000000d6000000, 0x0000000100000000)
  eden space 5632K, 98% used [0x00000000d5580000,0x00000000d5ae4a58,0x00000000d5b00000)
  from space 1536K, 74% used [0x00000000d5e80000,0x00000000d5f9d350,0x00000000d6000000)
  to   space 1536K, 0% used [0x00000000d5d00000,0x00000000d5d00000,0x00000000d5e80000)
 ParOldGen       total 634368K, used 634205K [0x0000000080000000, 0x00000000a6b80000, 0x00000000d5580000)
  object space 634368K, 99% used [0x0000000080000000,0x00000000a6b577f8,0x00000000a6b80000)
 Metaspace       used 80109K, committed 81728K, reserved 1179648K
  class space    used 8222K, committed 8896K, reserved 1048576K
}
Event: 1621.886 GC heap after
{Heap after GC invocations=1135 (full 4):
 PSYoungGen      total 7168K, used 1529K [0x00000000d5580000, 0x00000000d6b00000, 0x0000000100000000)
  eden space 5632K, 0% used [0x00000000d5580000,0x00000000d5580000,0x00000000d5b00000)
  from space 1536K, 99% used [0x00000000d5d00000,0x00000000d5e7e6a0,0x00000000d5e80000)
  to   space 8192K, 0% used [0x00000000d6300000,0x00000000d6300000,0x00000000d6b00000)
 ParOldGen       total 640000K, used 639499K [0x0000000080000000, 0x00000000a7100000, 0x00000000d5580000)
  object space 640000K, 99% used [0x0000000080000000,0x00000000a7082ca8,0x00000000a7100000)
 Metaspace       used 80109K, committed 81728K, reserved 1179648K
  class space    used 8222K, committed 8896K, reserved 1048576K
}
Event: 1621.941 GC heap before
{Heap before GC invocations=1136 (full 4):
 PSYoungGen      total 7168K, used 7161K [0x00000000d5580000, 0x00000000d6b00000, 0x0000000100000000)
  eden space 5632K, 100% used [0x00000000d5580000,0x00000000d5b00000,0x00000000d5b00000)
  from space 1536K, 99% used [0x00000000d5d00000,0x00000000d5e7e6a0,0x00000000d5e80000)
  to   space 8192K, 0% used [0x00000000d6300000,0x00000000d6300000,0x00000000d6b00000)
 ParOldGen       total 640000K, used 639499K [0x0000000080000000, 0x00000000a7100000, 0x00000000d5580000)
  object space 640000K, 99% used [0x0000000080000000,0x00000000a7082ca8,0x00000000a7100000)
 Metaspace       used 80113K, committed 81728K, reserved 1179648K
  class space    used 8222K, committed 8896K, reserved 1048576K
}
Event: 1621.948 GC heap after
{Heap after GC invocations=1136 (full 4):
 PSYoungGen      total 10240K, used 4512K [0x00000000d5580000, 0x00000000d6780000, 0x0000000100000000)
  eden space 5632K, 0% used [0x00000000d5580000,0x00000000d5580000,0x00000000d5b00000)
  from space 4608K, 97% used [0x00000000d6300000,0x00000000d6768250,0x00000000d6780000)
  to   space 5632K, 0% used [0x00000000d5c80000,0x00000000d5c80000,0x00000000d6200000)
 ParOldGen       total 641024K, used 640695K [0x0000000080000000, 0x00000000a7200000, 0x00000000d5580000)
  object space 641024K, 99% used [0x0000000080000000,0x00000000a71adff8,0x00000000a7200000)
 Metaspace       used 80113K, committed 81728K, reserved 1179648K
  class space    used 8222K, committed 8896K, reserved 1048576K
}

